110729 10:22:58 [Note] Plugin 'FEDERATED' is disabled.
110729 10:22:58 [Note] Plugin 'InnoDB' is disabled.
110729 10:22:58 [Note] Event Scheduler: Loaded 0 events
110729 10:22:58 [Note] mysql/bin/mysqld_usbwv8.exe: ready for connections.
Version: '5.1.44-community'  socket: ''  port: 3307  MySQL Community Server (GPL)
110729 10:23:21 [Note] Plugin 'FEDERATED' is disabled.
110729 10:23:21 [Note] Plugin 'InnoDB' is disabled.
110729 10:23:21 [Note] Event Scheduler: Loaded 0 events
110729 10:23:21 [Note] mysql/bin/mysqld_usbwv8.exe: ready for connections.
Version: '5.1.44-community'  socket: ''  port: 3307  MySQL Community Server (GPL)
110729 19:46:09 [Note] Plugin 'FEDERATED' is disabled.
110729 19:46:09 [Note] Plugin 'InnoDB' is disabled.
110729 19:46:09 [Note] Event Scheduler: Loaded 0 events
110729 19:46:09 [Note] mysql/bin/mysqld_usbwv8.exe: ready for connections.
Version: '5.1.44-community'  socket: ''  port: 3307  MySQL Community Server (GPL)
110730  6:58:28 [Note] Plugin 'FEDERATED' is disabled.
110730  6:58:28 [Note] Plugin 'InnoDB' is disabled.
110730  6:58:28 [Note] Event Scheduler: Loaded 0 events
110730  6:58:28 [Note] mysql/bin/mysqld_usbwv8.exe: ready for connections.
Version: '5.1.44-community'  socket: ''  port: 3307  MySQL Community Server (GPL)
110731  8:11:37 [Note] Plugin 'FEDERATED' is disabled.
110731  8:11:38 [Note] Plugin 'InnoDB' is disabled.
110731  8:11:38 [Note] Event Scheduler: Loaded 0 events
110731  8:11:38 [Note] mysql/bin/mysqld_usbwv8.exe: ready for connections.
Version: '5.1.44-community'  socket: ''  port: 3307  MySQL Community Server (GPL)
110731  9:41:46 [Note] Plugin 'FEDERATED' is disabled.
110731  9:41:46 [Note] Plugin 'InnoDB' is disabled.
110731  9:41:46 [Note] Event Scheduler: Loaded 0 events
110731  9:41:46 [Note] mysql/bin/mysqld_usbwv8.exe: ready for connections.
Version: '5.1.44-community'  socket: ''  port: 3307  MySQL Community Server (GPL)
